Using pre-set license
Built from '2020.2/release' branch; Version is '2020.2.2f1 (068178b99f32) revision 426360'; Using compiler version '192528614'; Build Type 'Release'
OS: 'Windows 10 Home Single Language; OS build 19043.1288; Version 2009; 64bit' Language: 'en' Physical Memory: 16250 MB
BatchMode: 1, IsHumanControllingUs: 0, StartBugReporterOnCrash: 0, Is64bit: 1, IsPro: 0

 COMMAND LINE ARGUMENTS:
D:\Program Files\Unity\2020.2.2f1\Editor\Unity.exe
-adb2
-batchMode
-noUpm
-name
AssetImportWorker0
-projectPath
C:/Users/Brandon/Documents/GitHub/scraper-stacker/Scraper Stacker!
-logFile
Logs/AssetImportWorker0.log
-srvPort
64982
Successfully changed project path to: C:/Users/Brandon/Documents/GitHub/scraper-stacker/Scraper Stacker!
C:/Users/Brandon/Documents/GitHub/scraper-stacker/Scraper Stacker!
Using Asset Import Pipeline V2.
Refreshing native plugins compatible for Editor in 51.72 ms, found 1 plugins.
Preloading 0 native plugins for Editor in 0.00 ms.
Initialize engine version: 2020.2.2f1 (068178b99f32)
[Subsystems] Discovering subsystems at path D:/Program Files/Unity/2020.2.2f1/Editor/Data/Resources/UnitySubsystems
[Subsystems] Discovering subsystems at path C:/Users/Brandon/Documents/GitHub/scraper-stacker/Scraper Stacker!/Assets
GfxDevice: creating device client; threaded=0
Direct3D:
    Version:  Direct3D 11.0 [level 11.0]
    Renderer: NVIDIA GeForce GTX 960M (ID=0x139b)
    Vendor:   
    VRAM:     4055 MB
    Driver:   26.21.14.3160
Initialize mono
Mono path[0] = 'D:/Program Files/Unity/2020.2.2f1/Editor/Data/Managed'
Mono path[1] = 'D:/Program Files/Unity/2020.2.2f1/Editor/Data/MonoBleedingEdge/lib/mono/unityjit'
Mono config path = 'D:/Program Files/Unity/2020.2.2f1/Editor/Data/MonoBleedingEdge/etc'
Using monoOptions --debugger-agent=transport=dt_socket,embedding=1,server=y,suspend=n,address=127.0.0.1:56732
Begin MonoManager ReloadAssembly
Registering precompiled unity dll's ...
Register platform support module: D:/Program Files/Unity/2020.2.2f1/Editor/Data/PlaybackEngines/WindowsStandaloneSupport/UnityEditor.WindowsStandalone.Extensions.dll
Registered in 0.001479 seconds.
Native extension for WindowsStandalone target not found
Refreshing native plugins compatible for Editor in 50.59 ms, found 1 plugins.
Preloading 0 native plugins for Editor in 0.00 ms.
Invoked RoslynAnalysisRunner static constructor.
RoslynAnalysisRunner will not be running.
RoslynAnalysisRunner has terminated.
Mono: successfully reloaded assembly
- Completed reload, in  1.631 seconds
Platform modules already initialized, skipping
Registering precompiled user dll's ...
Registered in 0.001339 seconds.
Begin MonoManager ReloadAssembly
Native extension for WindowsStandalone target not found
Refreshing native plugins compatible for Editor in 65.43 ms, found 1 plugins.
Preloading 0 native plugins for Editor in 0.00 ms.
Invoked RoslynAnalysisRunner static constructor.
RoslynAnalysisRunner will not be running.
RoslynAnalysisRunner has terminated.
Mono: successfully reloaded assembly
- Completed reload, in  1.576 seconds
Platform modules already initialized, skipping
========================================================================
Worker process is ready to serve import requests
Launched and connected shader compiler UnityShaderCompiler.exe after 0.12 seconds
Refreshing native plugins compatible for Editor in 0.42 ms, found 1 plugins.
Preloading 0 native plugins for Editor in 0.00 ms.
Unloading 1793 Unused Serialized files (Serialized files now loaded: 0)
System memory in use before: 84.2 MB.
System memory in use after: 84.1 MB.

Unloading 24 unused Assets to reduce memory usage. Loaded Objects now: 2234.
Total: 3.727200 ms (FindLiveObjects: 0.413500 ms CreateObjectMapping: 0.163800 ms MarkObjects: 2.902900 ms  DeleteObjects: 0.245100 ms)

========================================================================
Received Import Request.
  path: Assets/CreationScript.cs
  artifactKey: Guid(60d23c9066ad4ad4b9259fc8b861971a) Importer(815301076,1909f56bfc062723c751e8b465ee728b)
Start importing Assets/CreationScript.cs using Guid(60d23c9066ad4ad4b9259fc8b861971a) Importer(815301076,1909f56bfc062723c751e8b465ee728b)  -> (artifact id: '01f1cc9b3660e3ecfca5214dbf78901f') in 0.100431 seconds
  Import took 0.105330 seconds .

========================================================================
Received Prepare
Registering precompiled user dll's ...
Registered in 0.001281 seconds.
Begin MonoManager ReloadAssembly
Native extension for WindowsStandalone target not found
Refreshing native plugins compatible for Editor in 0.71 ms, found 1 plugins.
Preloading 0 native plugins for Editor in 0.00 ms.
Invoked RoslynAnalysisRunner static constructor.
RoslynAnalysisRunner will not be running.
RoslynAnalysisRunner has terminated.
Mono: successfully reloaded assembly
- Completed reload, in  1.172 seconds
Platform modules already initialized, skipping
Refreshing native plugins compatible for Editor in 0.38 ms, found 1 plugins.
Preloading 0 native plugins for Editor in 0.00 ms.
Unloading 1788 Unused Serialized files (Serialized files now loaded: 0)
System memory in use before: 84.2 MB.
System memory in use after: 84.2 MB.

Unloading 12 unused Assets to reduce memory usage. Loaded Objects now: 2237.
Total: 2.523600 ms (FindLiveObjects: 0.331400 ms CreateObjectMapping: 0.100500 ms MarkObjects: 1.929000 ms  DeleteObjects: 0.160800 ms)

========================================================================
Received Import Request.
  Time since last request: 244.295147 seconds.
  path: Assets/CreationScript.cs
  artifactKey: Guid(60d23c9066ad4ad4b9259fc8b861971a) Importer(815301076,1909f56bfc062723c751e8b465ee728b)
Start importing Assets/CreationScript.cs using Guid(60d23c9066ad4ad4b9259fc8b861971a) Importer(815301076,1909f56bfc062723c751e8b465ee728b)  -> (artifact id: 'eb696c7f280ee9031376e3896728eaec') in 0.008358 seconds
  Import took 0.033029 seconds .

========================================================================
Received Prepare
Registering precompiled user dll's ...
Registered in 0.001379 seconds.
Begin MonoManager ReloadAssembly
Native extension for WindowsStandalone target not found
Refreshing native plugins compatible for Editor in 0.40 ms, found 1 plugins.
Preloading 0 native plugins for Editor in 0.00 ms.
Invoked RoslynAnalysisRunner static constructor.
RoslynAnalysisRunner will not be running.
RoslynAnalysisRunner has terminated.
Mono: successfully reloaded assembly
- Completed reload, in  1.198 seconds
Platform modules already initialized, skipping
Refreshing native plugins compatible for Editor in 0.38 ms, found 1 plugins.
Preloading 0 native plugins for Editor in 0.00 ms.
Unloading 1788 Unused Serialized files (Serialized files now loaded: 0)
System memory in use before: 84.3 MB.
System memory in use after: 84.3 MB.

Unloading 12 unused Assets to reduce memory usage. Loaded Objects now: 2240.
Total: 4.530500 ms (FindLiveObjects: 0.424300 ms CreateObjectMapping: 0.124600 ms MarkObjects: 3.812400 ms  DeleteObjects: 0.167000 ms)

========================================================================
Received Import Request.
  Time since last request: 9.655747 seconds.
  path: Assets/CreationScript.cs
  artifactKey: Guid(60d23c9066ad4ad4b9259fc8b861971a) Importer(815301076,1909f56bfc062723c751e8b465ee728b)
Start importing Assets/CreationScript.cs using Guid(60d23c9066ad4ad4b9259fc8b861971a) Importer(815301076,1909f56bfc062723c751e8b465ee728b)  -> (artifact id: '123fec00049dc476db09b9b5f52e8a6b') in 0.006805 seconds
  Import took 0.034443 seconds .

========================================================================
Received Prepare
Registering precompiled user dll's ...
Registered in 0.001507 seconds.
Begin MonoManager ReloadAssembly
Native extension for WindowsStandalone target not found
Refreshing native plugins compatible for Editor in 0.42 ms, found 1 plugins.
Preloading 0 native plugins for Editor in 0.00 ms.
Invoked RoslynAnalysisRunner static constructor.
RoslynAnalysisRunner will not be running.
RoslynAnalysisRunner has terminated.
Mono: successfully reloaded assembly
- Completed reload, in  1.204 seconds
Platform modules already initialized, skipping
Refreshing native plugins compatible for Editor in 0.38 ms, found 1 plugins.
Preloading 0 native plugins for Editor in 0.00 ms.
Unloading 1788 Unused Serialized files (Serialized files now loaded: 0)
System memory in use before: 84.4 MB.
System memory in use after: 84.4 MB.

Unloading 12 unused Assets to reduce memory usage. Loaded Objects now: 2243.
Total: 2.713300 ms (FindLiveObjects: 0.308600 ms CreateObjectMapping: 0.126700 ms MarkObjects: 2.111500 ms  DeleteObjects: 0.165100 ms)

========================================================================
Received Prepare
Registering precompiled user dll's ...
Registered in 0.001217 seconds.
Begin MonoManager ReloadAssembly
Native extension for WindowsStandalone target not found
Refreshing native plugins compatible for Editor in 0.75 ms, found 1 plugins.
Preloading 0 native plugins for Editor in 0.00 ms.
Invoked RoslynAnalysisRunner static constructor.
RoslynAnalysisRunner will not be running.
RoslynAnalysisRunner has terminated.
Mono: successfully reloaded assembly
- Completed reload, in  1.013 seconds
Platform modules already initialized, skipping
Refreshing native plugins compatible for Editor in 0.38 ms, found 1 plugins.
Preloading 0 native plugins for Editor in 0.00 ms.
Unloading 1789 Unused Serialized files (Serialized files now loaded: 0)
System memory in use before: 84.4 MB.
System memory in use after: 84.4 MB.

Unloading 12 unused Assets to reduce memory usage. Loaded Objects now: 2247.
Total: 4.071100 ms (FindLiveObjects: 0.568400 ms CreateObjectMapping: 0.085500 ms MarkObjects: 3.066100 ms  DeleteObjects: 0.349700 ms)

========================================================================
Received Import Request.
  Time since last request: 279.522738 seconds.
  path: Assets/CameraPosition.cs
  artifactKey: Guid(e933d7e734553eb48a9bed1a074b8e89) Importer(815301076,1909f56bfc062723c751e8b465ee728b)
Start importing Assets/CameraPosition.cs using Guid(e933d7e734553eb48a9bed1a074b8e89) Importer(815301076,1909f56bfc062723c751e8b465ee728b)  -> (artifact id: '4e63c4a435197591e69c766313670cb8') in 0.018329 seconds
  Import took 0.041255 seconds .

========================================================================
Received Prepare
Registering precompiled user dll's ...
Registered in 0.001901 seconds.
Begin MonoManager ReloadAssembly
Native extension for WindowsStandalone target not found
Refreshing native plugins compatible for Editor in 0.39 ms, found 1 plugins.
Preloading 0 native plugins for Editor in 0.00 ms.
Invoked RoslynAnalysisRunner static constructor.
RoslynAnalysisRunner will not be running.
RoslynAnalysisRunner has terminated.
Mono: successfully reloaded assembly
- Completed reload, in  1.063 seconds
Platform modules already initialized, skipping
Refreshing native plugins compatible for Editor in 0.76 ms, found 1 plugins.
Preloading 0 native plugins for Editor in 0.00 ms.
Unloading 1789 Unused Serialized files (Serialized files now loaded: 0)
System memory in use before: 84.5 MB.
System memory in use after: 84.5 MB.

Unloading 12 unused Assets to reduce memory usage. Loaded Objects now: 2250.
Total: 4.064700 ms (FindLiveObjects: 0.849400 ms CreateObjectMapping: 0.240600 ms MarkObjects: 2.780800 ms  DeleteObjects: 0.192100 ms)

========================================================================
Received Import Request.
  Time since last request: 302.553105 seconds.
  path: Assets/CameraPosition.cs
  artifactKey: Guid(e933d7e734553eb48a9bed1a074b8e89) Importer(815301076,1909f56bfc062723c751e8b465ee728b)
Start importing Assets/CameraPosition.cs using Guid(e933d7e734553eb48a9bed1a074b8e89) Importer(815301076,1909f56bfc062723c751e8b465ee728b)  -> (artifact id: '4ee7245d9ad2374bfe7b276e638dafb8') in 0.005498 seconds
  Import took 0.008710 seconds .

========================================================================
Received Import Request.
  Time since last request: 573.860092 seconds.
  path: Assets/CameraPosition.cs
  artifactKey: Guid(e933d7e734553eb48a9bed1a074b8e89) Importer(815301076,1909f56bfc062723c751e8b465ee728b)
Start importing Assets/CameraPosition.cs using Guid(e933d7e734553eb48a9bed1a074b8e89) Importer(815301076,1909f56bfc062723c751e8b465ee728b)  -> (artifact id: 'f3d360d9dd434762a2445909226d3390') in 0.004747 seconds
  Import took 0.030036 seconds .

========================================================================
Received Import Request.
  Time since last request: 0.002619 seconds.
  path: Assets/CameraPosition.cs
  artifactKey: Guid(e933d7e734553eb48a9bed1a074b8e89) Importer(815301076,1909f56bfc062723c751e8b465ee728b)
Start importing Assets/CameraPosition.cs using Guid(e933d7e734553eb48a9bed1a074b8e89) Importer(815301076,1909f56bfc062723c751e8b465ee728b)  -> (artifact id: 'f3d360d9dd434762a2445909226d3390') in 0.004530 seconds
  Import took 0.009670 seconds .

========================================================================
Received Import Request.
  Time since last request: 54.007194 seconds.
  path: Assets/CameraPosition.cs
  artifactKey: Guid(e933d7e734553eb48a9bed1a074b8e89) Importer(815301076,1909f56bfc062723c751e8b465ee728b)
Start importing Assets/CameraPosition.cs using Guid(e933d7e734553eb48a9bed1a074b8e89) Importer(815301076,1909f56bfc062723c751e8b465ee728b)  -> (artifact id: '5e10d5c4bc9b159ba8ef336f587a71f8') in 0.005002 seconds
  Import took 0.016925 seconds .

========================================================================
Received Import Request.
  Time since last request: 42.990711 seconds.
  path: Assets/CameraPosition.cs
  artifactKey: Guid(e933d7e734553eb48a9bed1a074b8e89) Importer(815301076,1909f56bfc062723c751e8b465ee728b)
Start importing Assets/CameraPosition.cs using Guid(e933d7e734553eb48a9bed1a074b8e89) Importer(815301076,1909f56bfc062723c751e8b465ee728b)  -> (artifact id: '6db9af50079a19fc189487d578c8fad4') in 0.006468 seconds
  Import took 0.013480 seconds .

========================================================================
Received Import Request.
  Time since last request: 70.124657 seconds.
  path: Assets/CameraPosition.cs
  artifactKey: Guid(e933d7e734553eb48a9bed1a074b8e89) Importer(815301076,1909f56bfc062723c751e8b465ee728b)
Start importing Assets/CameraPosition.cs using Guid(e933d7e734553eb48a9bed1a074b8e89) Importer(815301076,1909f56bfc062723c751e8b465ee728b)  -> (artifact id: '3bb3a47ca3247f9595297e43342c3b15') in 0.004919 seconds
  Import took 0.043306 seconds .

========================================================================
Received Import Request.
  Time since last request: 0.008363 seconds.
  path: Assets/CameraPosition.cs
  artifactKey: Guid(e933d7e734553eb48a9bed1a074b8e89) Importer(815301076,1909f56bfc062723c751e8b465ee728b)
Start importing Assets/CameraPosition.cs using Guid(e933d7e734553eb48a9bed1a074b8e89) Importer(815301076,1909f56bfc062723c751e8b465ee728b)  -> (artifact id: '3bb3a47ca3247f9595297e43342c3b15') in 0.006296 seconds
  Import took 0.010807 seconds .

========================================================================
Received Prepare
Registering precompiled user dll's ...
Registered in 0.001543 seconds.
Begin MonoManager ReloadAssembly
Native extension for WindowsStandalone target not found
Refreshing native plugins compatible for Editor in 0.49 ms, found 1 plugins.
Preloading 0 native plugins for Editor in 0.00 ms.
Invoked RoslynAnalysisRunner static constructor.
RoslynAnalysisRunner will not be running.
RoslynAnalysisRunner has terminated.
Mono: successfully reloaded assembly
- Completed reload, in  1.375 seconds
Platform modules already initialized, skipping
Refreshing native plugins compatible for Editor in 0.53 ms, found 1 plugins.
Preloading 0 native plugins for Editor in 0.00 ms.
Unloading 1789 Unused Serialized files (Serialized files now loaded: 0)
System memory in use before: 84.6 MB.
System memory in use after: 84.6 MB.

Unloading 12 unused Assets to reduce memory usage. Loaded Objects now: 2253.
Total: 3.889400 ms (FindLiveObjects: 0.503700 ms CreateObjectMapping: 0.136300 ms MarkObjects: 3.120400 ms  DeleteObjects: 0.126700 ms)

========================================================================
Received Import Request.
  Time since last request: 33.433045 seconds.
  path: Assets/CameraPosition.cs
  artifactKey: Guid(e933d7e734553eb48a9bed1a074b8e89) Importer(815301076,1909f56bfc062723c751e8b465ee728b)
Start importing Assets/CameraPosition.cs using Guid(e933d7e734553eb48a9bed1a074b8e89) Importer(815301076,1909f56bfc062723c751e8b465ee728b)  -> (artifact id: '020a3f753eaaf274090a7038e2ca8135') in 0.007468 seconds
  Import took 0.011680 seconds .

========================================================================
Received Prepare
Registering precompiled user dll's ...
Registered in 0.001196 seconds.
Begin MonoManager ReloadAssembly
Native extension for WindowsStandalone target not found
Refreshing native plugins compatible for Editor in 0.46 ms, found 1 plugins.
Preloading 0 native plugins for Editor in 0.00 ms.
Invoked RoslynAnalysisRunner static constructor.
RoslynAnalysisRunner will not be running.
RoslynAnalysisRunner has terminated.
Mono: successfully reloaded assembly
- Completed reload, in  1.219 seconds
Platform modules already initialized, skipping
Refreshing native plugins compatible for Editor in 0.37 ms, found 1 plugins.
Preloading 0 native plugins for Editor in 0.00 ms.
Unloading 1789 Unused Serialized files (Serialized files now loaded: 0)
System memory in use before: 84.6 MB.
System memory in use after: 84.6 MB.

Unloading 12 unused Assets to reduce memory usage. Loaded Objects now: 2256.
Total: 3.477700 ms (FindLiveObjects: 0.450100 ms CreateObjectMapping: 0.258000 ms MarkObjects: 2.473500 ms  DeleteObjects: 0.182600 ms)

========================================================================
Received Import Request.
  Time since last request: 54.296856 seconds.
  path: Assets/CameraPosition.cs
  artifactKey: Guid(e933d7e734553eb48a9bed1a074b8e89) Importer(815301076,1909f56bfc062723c751e8b465ee728b)
Start importing Assets/CameraPosition.cs using Guid(e933d7e734553eb48a9bed1a074b8e89) Importer(815301076,1909f56bfc062723c751e8b465ee728b)  -> (artifact id: '4b1404e4e6709c261f7392706732eb30') in 0.006565 seconds
  Import took 0.009888 seconds .

========================================================================
Received Prepare
Registering precompiled user dll's ...
Registered in 0.001176 seconds.
Begin MonoManager ReloadAssembly
Native extension for WindowsStandalone target not found
Refreshing native plugins compatible for Editor in 0.37 ms, found 1 plugins.
Preloading 0 native plugins for Editor in 0.00 ms.
Invoked RoslynAnalysisRunner static constructor.
RoslynAnalysisRunner will not be running.
RoslynAnalysisRunner has terminated.
Mono: successfully reloaded assembly
- Completed reload, in  1.170 seconds
Platform modules already initialized, skipping
Refreshing native plugins compatible for Editor in 0.38 ms, found 1 plugins.
Preloading 0 native plugins for Editor in 0.00 ms.
Unloading 1789 Unused Serialized files (Serialized files now loaded: 0)
System memory in use before: 84.7 MB.
System memory in use after: 84.7 MB.

Unloading 12 unused Assets to reduce memory usage. Loaded Objects now: 2259.
Total: 4.139300 ms (FindLiveObjects: 0.585600 ms CreateObjectMapping: 0.264700 ms MarkObjects: 3.152800 ms  DeleteObjects: 0.134600 ms)

========================================================================
Received Import Request.
  Time since last request: 55.750875 seconds.
  path: Assets/CameraPosition.cs
  artifactKey: Guid(e933d7e734553eb48a9bed1a074b8e89) Importer(815301076,1909f56bfc062723c751e8b465ee728b)
Start importing Assets/CameraPosition.cs using Guid(e933d7e734553eb48a9bed1a074b8e89) Importer(815301076,1909f56bfc062723c751e8b465ee728b)  -> (artifact id: '911f697aedc806655c3b9dc4abd7f2b2') in 0.005754 seconds
  Import took 0.009119 seconds .

========================================================================
Received Prepare
Registering precompiled user dll's ...
Registered in 0.001247 seconds.
Begin MonoManager ReloadAssembly
Native extension for WindowsStandalone target not found
Refreshing native plugins compatible for Editor in 0.38 ms, found 1 plugins.
Preloading 0 native plugins for Editor in 0.00 ms.
Invoked RoslynAnalysisRunner static constructor.
RoslynAnalysisRunner will not be running.
RoslynAnalysisRunner has terminated.
Mono: successfully reloaded assembly
- Completed reload, in  1.064 seconds
Platform modules already initialized, skipping
Refreshing native plugins compatible for Editor in 0.50 ms, found 1 plugins.
Preloading 0 native plugins for Editor in 0.00 ms.
Unloading 1789 Unused Serialized files (Serialized files now loaded: 0)
System memory in use before: 84.8 MB.
System memory in use after: 84.8 MB.

Unloading 12 unused Assets to reduce memory usage. Loaded Objects now: 2262.
Total: 3.019200 ms (FindLiveObjects: 0.392600 ms CreateObjectMapping: 0.157100 ms MarkObjects: 2.289400 ms  DeleteObjects: 0.178600 ms)

========================================================================
Received Import Request.
  Time since last request: 24.161748 seconds.
  path: Assets/CameraPosition.cs
  artifactKey: Guid(e933d7e734553eb48a9bed1a074b8e89) Importer(815301076,1909f56bfc062723c751e8b465ee728b)
Start importing Assets/CameraPosition.cs using Guid(e933d7e734553eb48a9bed1a074b8e89) Importer(815301076,1909f56bfc062723c751e8b465ee728b)  -> (artifact id: 'e6879569d3d46bfc772815b8db8b88b2') in 0.008011 seconds
  Import took 0.014826 seconds .

========================================================================
Received Prepare
Registering precompiled user dll's ...
Registered in 0.001984 seconds.
Begin MonoManager ReloadAssembly
Native extension for WindowsStandalone target not found
Refreshing native plugins compatible for Editor in 0.37 ms, found 1 plugins.
Preloading 0 native plugins for Editor in 0.00 ms.
Invoked RoslynAnalysisRunner static constructor.
RoslynAnalysisRunner will not be running.
RoslynAnalysisRunner has terminated.
Mono: successfully reloaded assembly
- Completed reload, in  1.050 seconds
Platform modules already initialized, skipping
Refreshing native plugins compatible for Editor in 0.40 ms, found 1 plugins.
Preloading 0 native plugins for Editor in 0.00 ms.
Unloading 1789 Unused Serialized files (Serialized files now loaded: 0)
System memory in use before: 84.8 MB.
System memory in use after: 84.8 MB.

Unloading 12 unused Assets to reduce memory usage. Loaded Objects now: 2265.
Total: 3.162400 ms (FindLiveObjects: 0.684100 ms CreateObjectMapping: 0.155500 ms MarkObjects: 2.156400 ms  DeleteObjects: 0.164700 ms)

========================================================================
Received Prepare
Registering precompiled user dll's ...
Registered in 0.002513 seconds.
Begin MonoManager ReloadAssembly
Native extension for WindowsStandalone target not found
Refreshing native plugins compatible for Editor in 0.43 ms, found 1 plugins.
Preloading 0 native plugins for Editor in 0.00 ms.
Invoked RoslynAnalysisRunner static constructor.
RoslynAnalysisRunner will not be running.
RoslynAnalysisRunner has terminated.
Mono: successfully reloaded assembly
- Completed reload, in  1.046 seconds
Platform modules already initialized, skipping
Refreshing native plugins compatible for Editor in 0.42 ms, found 1 plugins.
Preloading 0 native plugins for Editor in 0.00 ms.
Unloading 1789 Unused Serialized files (Serialized files now loaded: 0)
System memory in use before: 84.9 MB.
System memory in use after: 84.9 MB.

Unloading 12 unused Assets to reduce memory usage. Loaded Objects now: 2268.
Total: 3.223500 ms (FindLiveObjects: 0.384600 ms CreateObjectMapping: 0.113200 ms MarkObjects: 2.507700 ms  DeleteObjects: 0.215700 ms)

========================================================================
Received Prepare
Registering precompiled user dll's ...
Registered in 0.001334 seconds.
Begin MonoManager ReloadAssembly
Native extension for WindowsStandalone target not found
Refreshing native plugins compatible for Editor in 0.46 ms, found 1 plugins.
Preloading 0 native plugins for Editor in 0.00 ms.
Invoked RoslynAnalysisRunner static constructor.
RoslynAnalysisRunner will not be running.
RoslynAnalysisRunner has terminated.
Mono: successfully reloaded assembly
- Completed reload, in  1.131 seconds
Platform modules already initialized, skipping
Refreshing native plugins compatible for Editor in 0.60 ms, found 1 plugins.
Preloading 0 native plugins for Editor in 0.00 ms.
Unloading 1790 Unused Serialized files (Serialized files now loaded: 0)
System memory in use before: 85.0 MB.
System memory in use after: 85.0 MB.

Unloading 12 unused Assets to reduce memory usage. Loaded Objects now: 2272.
Total: 3.056300 ms (FindLiveObjects: 0.669900 ms CreateObjectMapping: 0.235400 ms MarkObjects: 1.989200 ms  DeleteObjects: 0.160200 ms)

========================================================================
Received Import Request.
  Time since last request: 279.195303 seconds.
  path: Assets/InputScript.cs
  artifactKey: Guid(43c4d85799f3a0b4d8bb64e91f1ec2f0) Importer(815301076,1909f56bfc062723c751e8b465ee728b)
Start importing Assets/InputScript.cs using Guid(43c4d85799f3a0b4d8bb64e91f1ec2f0) Importer(815301076,1909f56bfc062723c751e8b465ee728b)  -> (artifact id: 'b80151a926b71c852fc7829f19e811dd') in 0.014139 seconds
  Import took 0.017977 seconds .

========================================================================
Received Import Request.
  Time since last request: 486.423755 seconds.
  path: Assets/InputScript.cs
  artifactKey: Guid(43c4d85799f3a0b4d8bb64e91f1ec2f0) Importer(815301076,1909f56bfc062723c751e8b465ee728b)
Start importing Assets/InputScript.cs using Guid(43c4d85799f3a0b4d8bb64e91f1ec2f0) Importer(815301076,1909f56bfc062723c751e8b465ee728b)  -> (artifact id: 'c845103313ca7ef4b5cb44b97e7c47a4') in 0.005993 seconds
  Import took 0.016043 seconds .

========================================================================
Received Import Request.
  Time since last request: 0.001268 seconds.
  path: Assets/InputScript.cs
  artifactKey: Guid(43c4d85799f3a0b4d8bb64e91f1ec2f0) Importer(815301076,1909f56bfc062723c751e8b465ee728b)
Start importing Assets/InputScript.cs using Guid(43c4d85799f3a0b4d8bb64e91f1ec2f0) Importer(815301076,1909f56bfc062723c751e8b465ee728b)  -> (artifact id: 'c845103313ca7ef4b5cb44b97e7c47a4') in 0.006024 seconds
  Import took 0.010393 seconds .

========================================================================
Received Import Request.
  Time since last request: 9.225582 seconds.
  path: Assets/InputScript.cs
  artifactKey: Guid(43c4d85799f3a0b4d8bb64e91f1ec2f0) Importer(815301076,1909f56bfc062723c751e8b465ee728b)
Start importing Assets/InputScript.cs using Guid(43c4d85799f3a0b4d8bb64e91f1ec2f0) Importer(815301076,1909f56bfc062723c751e8b465ee728b)  -> (artifact id: '9a58df074ac57c8b7199e1d3f532524e') in 0.005228 seconds
  Import took 0.017308 seconds .

========================================================================
Received Import Request.
  Time since last request: 88.736036 seconds.
  path: Assets/InputScript.cs
  artifactKey: Guid(43c4d85799f3a0b4d8bb64e91f1ec2f0) Importer(815301076,1909f56bfc062723c751e8b465ee728b)
Start importing Assets/InputScript.cs using Guid(43c4d85799f3a0b4d8bb64e91f1ec2f0) Importer(815301076,1909f56bfc062723c751e8b465ee728b)  -> (artifact id: '6d8ef5eec871506ea8b23e366b7a5b01') in 0.003755 seconds
  Import took 0.010306 seconds .

========================================================================
Received Import Request.
  Time since last request: 324.582939 seconds.
  path: Assets/InputScript.cs
  artifactKey: Guid(43c4d85799f3a0b4d8bb64e91f1ec2f0) Importer(815301076,1909f56bfc062723c751e8b465ee728b)
Start importing Assets/InputScript.cs using Guid(43c4d85799f3a0b4d8bb64e91f1ec2f0) Importer(815301076,1909f56bfc062723c751e8b465ee728b)  -> (artifact id: '0b18ed220fb5b1e3aec37638ebdd9f98') in 0.003606 seconds
  Import took 0.008079 seconds .

========================================================================
Received Import Request.
  Time since last request: 20.462502 seconds.
  path: Assets/InputScript.cs
  artifactKey: Guid(43c4d85799f3a0b4d8bb64e91f1ec2f0) Importer(815301076,1909f56bfc062723c751e8b465ee728b)
Start importing Assets/InputScript.cs using Guid(43c4d85799f3a0b4d8bb64e91f1ec2f0) Importer(815301076,1909f56bfc062723c751e8b465ee728b)  -> (artifact id: 'af34f9f3d5aab19c28bd79989ff3625a') in 0.006398 seconds
  Import took 0.013367 seconds .

========================================================================
Received Prepare
Registering precompiled user dll's ...
Registered in 0.001215 seconds.
Begin MonoManager ReloadAssembly
Native extension for WindowsStandalone target not found
Refreshing native plugins compatible for Editor in 0.58 ms, found 1 plugins.
Preloading 0 native plugins for Editor in 0.00 ms.
Invoked RoslynAnalysisRunner static constructor.
RoslynAnalysisRunner will not be running.
RoslynAnalysisRunner has terminated.
Mono: successfully reloaded assembly
- Completed reload, in  1.190 seconds
Platform modules already initialized, skipping
Refreshing native plugins compatible for Editor in 0.39 ms, found 1 plugins.
Preloading 0 native plugins for Editor in 0.00 ms.
Unloading 1790 Unused Serialized files (Serialized files now loaded: 0)
System memory in use before: 85.1 MB.
System memory in use after: 85.1 MB.

Unloading 12 unused Assets to reduce memory usage. Loaded Objects now: 2275.
Total: 13.952800 ms (FindLiveObjects: 3.604200 ms CreateObjectMapping: 1.152100 ms MarkObjects: 8.823900 ms  DeleteObjects: 0.356800 ms)

========================================================================
Received Import Request.
  Time since last request: 27.690608 seconds.
  path: Assets/InputScript.cs
  artifactKey: Guid(43c4d85799f3a0b4d8bb64e91f1ec2f0) Importer(815301076,1909f56bfc062723c751e8b465ee728b)
Start importing Assets/InputScript.cs using Guid(43c4d85799f3a0b4d8bb64e91f1ec2f0) Importer(815301076,1909f56bfc062723c751e8b465ee728b)  -> (artifact id: '400280fdca9e343257df0fa36a0016e3') in 0.063718 seconds
  Import took 0.079935 seconds .

========================================================================
Received Import Request.
  Time since last request: 36.089654 seconds.
  path: Assets/InputScript.cs
  artifactKey: Guid(43c4d85799f3a0b4d8bb64e91f1ec2f0) Importer(815301076,1909f56bfc062723c751e8b465ee728b)
Start importing Assets/InputScript.cs using Guid(43c4d85799f3a0b4d8bb64e91f1ec2f0) Importer(815301076,1909f56bfc062723c751e8b465ee728b)  -> (artifact id: '7bded6e01c583374ad191b67d13cbdbe') in 0.006233 seconds
  Import took 0.010485 seconds .

========================================================================
Received Import Request.
  Time since last request: 8.628123 seconds.
  path: Assets/InputScript.cs
  artifactKey: Guid(43c4d85799f3a0b4d8bb64e91f1ec2f0) Importer(815301076,1909f56bfc062723c751e8b465ee728b)
Start importing Assets/InputScript.cs using Guid(43c4d85799f3a0b4d8bb64e91f1ec2f0) Importer(815301076,1909f56bfc062723c751e8b465ee728b)  -> (artifact id: '788c2eef3b6b392ebbf634e4c1034c8a') in 0.004856 seconds
  Import took 0.010547 seconds .

========================================================================
Received Import Request.
  Time since last request: 15.634665 seconds.
  path: Assets/InputScript.cs
  artifactKey: Guid(43c4d85799f3a0b4d8bb64e91f1ec2f0) Importer(815301076,1909f56bfc062723c751e8b465ee728b)
Start importing Assets/InputScript.cs using Guid(43c4d85799f3a0b4d8bb64e91f1ec2f0) Importer(815301076,1909f56bfc062723c751e8b465ee728b)  -> (artifact id: 'f5f8478c7c54e6adade5628f840b3b39') in 0.004534 seconds
  Import took 0.010081 seconds .

========================================================================
Received Prepare
Registering precompiled user dll's ...
Registered in 0.001178 seconds.
Begin MonoManager ReloadAssembly
Native extension for WindowsStandalone target not found
Refreshing native plugins compatible for Editor in 0.37 ms, found 1 plugins.
Preloading 0 native plugins for Editor in 0.00 ms.
Invoked RoslynAnalysisRunner static constructor.
RoslynAnalysisRunner will not be running.
RoslynAnalysisRunner has terminated.
Mono: successfully reloaded assembly
- Completed reload, in  1.185 seconds
Platform modules already initialized, skipping
Refreshing native plugins compatible for Editor in 0.60 ms, found 1 plugins.
Preloading 0 native plugins for Editor in 0.00 ms.
Unloading 1790 Unused Serialized files (Serialized files now loaded: 0)
System memory in use before: 85.1 MB.
System memory in use after: 85.1 MB.

Unloading 12 unused Assets to reduce memory usage. Loaded Objects now: 2278.
Total: 2.575800 ms (FindLiveObjects: 0.518600 ms CreateObjectMapping: 0.144200 ms MarkObjects: 1.733500 ms  DeleteObjects: 0.178100 ms)

========================================================================
Received Import Request.
  Time since last request: 16.092100 seconds.
  path: Assets/InputScript.cs
  artifactKey: Guid(43c4d85799f3a0b4d8bb64e91f1ec2f0) Importer(815301076,1909f56bfc062723c751e8b465ee728b)
Start importing Assets/InputScript.cs using Guid(43c4d85799f3a0b4d8bb64e91f1ec2f0) Importer(815301076,1909f56bfc062723c751e8b465ee728b)  -> (artifact id: 'befc09e6f4ece21443e551bedfdd98d8') in 0.007077 seconds
  Import took 0.011307 seconds .

========================================================================
Received Import Request.
  Time since last request: 0.002617 seconds.
  path: Assets/InputScript.cs
  artifactKey: Guid(43c4d85799f3a0b4d8bb64e91f1ec2f0) Importer(815301076,1909f56bfc062723c751e8b465ee728b)
Start importing Assets/InputScript.cs using Guid(43c4d85799f3a0b4d8bb64e91f1ec2f0) Importer(815301076,1909f56bfc062723c751e8b465ee728b)  -> (artifact id: 'befc09e6f4ece21443e551bedfdd98d8') in 0.005826 seconds
  Import took 0.009300 seconds .

========================================================================
Received Prepare
Registering precompiled user dll's ...
Registered in 0.001472 seconds.
Begin MonoManager ReloadAssembly
Native extension for WindowsStandalone target not found
Refreshing native plugins compatible for Editor in 0.39 ms, found 1 plugins.
Preloading 0 native plugins for Editor in 0.00 ms.
Invoked RoslynAnalysisRunner static constructor.
RoslynAnalysisRunner will not be running.
RoslynAnalysisRunner has terminated.
Mono: successfully reloaded assembly
- Completed reload, in  1.063 seconds
Platform modules already initialized, skipping
Refreshing native plugins compatible for Editor in 0.49 ms, found 1 plugins.
Preloading 0 native plugins for Editor in 0.00 ms.
Unloading 1790 Unused Serialized files (Serialized files now loaded: 0)
System memory in use before: 85.2 MB.
System memory in use after: 85.2 MB.

Unloading 12 unused Assets to reduce memory usage. Loaded Objects now: 2281.
Total: 3.357000 ms (FindLiveObjects: 0.388800 ms CreateObjectMapping: 0.157400 ms MarkObjects: 2.603200 ms  DeleteObjects: 0.205400 ms)

========================================================================
Received Import Request.
  Time since last request: 30.049012 seconds.
  path: Assets/InputScript.cs
  artifactKey: Guid(43c4d85799f3a0b4d8bb64e91f1ec2f0) Importer(815301076,1909f56bfc062723c751e8b465ee728b)
Start importing Assets/InputScript.cs using Guid(43c4d85799f3a0b4d8bb64e91f1ec2f0) Importer(815301076,1909f56bfc062723c751e8b465ee728b)  -> (artifact id: '2f84d249e25eb04a401f0fad2a687dad') in 0.006271 seconds
  Import took 0.010453 seconds .

========================================================================
Received Import Request.
  Time since last request: 0.002714 seconds.
  path: Assets/InputScript.cs
  artifactKey: Guid(43c4d85799f3a0b4d8bb64e91f1ec2f0) Importer(815301076,1909f56bfc062723c751e8b465ee728b)
Start importing Assets/InputScript.cs using Guid(43c4d85799f3a0b4d8bb64e91f1ec2f0) Importer(815301076,1909f56bfc062723c751e8b465ee728b)  -> (artifact id: '2f84d249e25eb04a401f0fad2a687dad') in 0.004798 seconds
  Import took 0.009345 seconds .

========================================================================
Received Prepare
Registering precompiled user dll's ...
Registered in 0.001178 seconds.
Begin MonoManager ReloadAssembly
Native extension for WindowsStandalone target not found
Refreshing native plugins compatible for Editor in 0.50 ms, found 1 plugins.
Preloading 0 native plugins for Editor in 0.00 ms.
Invoked RoslynAnalysisRunner static constructor.
RoslynAnalysisRunner will not be running.
RoslynAnalysisRunner has terminated.
Mono: successfully reloaded assembly
- Completed reload, in  0.969 seconds
Platform modules already initialized, skipping
Refreshing native plugins compatible for Editor in 0.39 ms, found 1 plugins.
Preloading 0 native plugins for Editor in 0.00 ms.
Unloading 1790 Unused Serialized files (Serialized files now loaded: 0)
System memory in use before: 85.3 MB.
System memory in use after: 85.3 MB.

Unloading 12 unused Assets to reduce memory usage. Loaded Objects now: 2284.
Total: 2.680900 ms (FindLiveObjects: 0.287200 ms CreateObjectMapping: 0.132400 ms MarkObjects: 2.129800 ms  DeleteObjects: 0.129800 ms)

========================================================================
Received Prepare
Registering precompiled user dll's ...
Registered in 0.001184 seconds.
Begin MonoManager ReloadAssembly
Native extension for WindowsStandalone target not found
Refreshing native plugins compatible for Editor in 0.36 ms, found 1 plugins.
Preloading 0 native plugins for Editor in 0.00 ms.
Invoked RoslynAnalysisRunner static constructor.
RoslynAnalysisRunner will not be running.
RoslynAnalysisRunner has terminated.
Mono: successfully reloaded assembly
- Completed reload, in  1.097 seconds
Platform modules already initialized, skipping
Refreshing native plugins compatible for Editor in 0.69 ms, found 1 plugins.
Preloading 0 native plugins for Editor in 0.00 ms.
Unloading 1790 Unused Serialized files (Serialized files now loaded: 0)
System memory in use before: 85.3 MB.
System memory in use after: 85.3 MB.

Unloading 12 unused Assets to reduce memory usage. Loaded Objects now: 2287.
Total: 2.479000 ms (FindLiveObjects: 0.273000 ms CreateObjectMapping: 0.089300 ms MarkObjects: 1.941200 ms  DeleteObjects: 0.174000 ms)

========================================================================
Received Prepare
Registering precompiled user dll's ...
Registered in 0.001928 seconds.
Begin MonoManager ReloadAssembly
Native extension for WindowsStandalone target not found
Refreshing native plugins compatible for Editor in 0.48 ms, found 1 plugins.
Preloading 0 native plugins for Editor in 0.00 ms.
Invoked RoslynAnalysisRunner static constructor.
RoslynAnalysisRunner will not be running.
RoslynAnalysisRunner has terminated.
Mono: successfully reloaded assembly
- Completed reload, in  1.096 seconds
Platform modules already initialized, skipping
Refreshing native plugins compatible for Editor in 0.40 ms, found 1 plugins.
Preloading 0 native plugins for Editor in 0.00 ms.
Unloading 1790 Unused Serialized files (Serialized files now loaded: 0)
System memory in use before: 85.4 MB.
System memory in use after: 85.4 MB.

Unloading 12 unused Assets to reduce memory usage. Loaded Objects now: 2290.
Total: 3.585400 ms (FindLiveObjects: 0.405300 ms CreateObjectMapping: 0.183000 ms MarkObjects: 2.830600 ms  DeleteObjects: 0.165300 ms)

========================================================================
Received Import Request.
  Time since last request: 278.667387 seconds.
  path: Assets/CameraPosition.cs
  artifactKey: Guid(e933d7e734553eb48a9bed1a074b8e89) Importer(815301076,1909f56bfc062723c751e8b465ee728b)
Start importing Assets/CameraPosition.cs using Guid(e933d7e734553eb48a9bed1a074b8e89) Importer(815301076,1909f56bfc062723c751e8b465ee728b)  -> (artifact id: '51de52bb9d841184d7ea17337938bce0') in 0.006497 seconds
  Import took 0.010726 seconds .

========================================================================
Received Prepare
Registering precompiled user dll's ...
Registered in 0.001816 seconds.
Begin MonoManager ReloadAssembly
Native extension for WindowsStandalone target not found
Refreshing native plugins compatible for Editor in 1.44 ms, found 1 plugins.
Preloading 0 native plugins for Editor in 0.00 ms.
Invoked RoslynAnalysisRunner static constructor.
RoslynAnalysisRunner will not be running.
RoslynAnalysisRunner has terminated.
Mono: successfully reloaded assembly
- Completed reload, in  1.514 seconds
Platform modules already initialized, skipping
Refreshing native plugins compatible for Editor in 0.81 ms, found 1 plugins.
Preloading 0 native plugins for Editor in 0.00 ms.
Unloading 1790 Unused Serialized files (Serialized files now loaded: 0)
System memory in use before: 85.4 MB.
System memory in use after: 85.4 MB.

Unloading 12 unused Assets to reduce memory usage. Loaded Objects now: 2293.
Total: 3.976400 ms (FindLiveObjects: 0.493200 ms CreateObjectMapping: 0.148900 ms MarkObjects: 3.116700 ms  DeleteObjects: 0.215000 ms)

========================================================================
Received Prepare
Registering precompiled user dll's ...
Registered in 0.001254 seconds.
Begin MonoManager ReloadAssembly
Native extension for WindowsStandalone target not found
Refreshing native plugins compatible for Editor in 0.50 ms, found 1 plugins.
Preloading 0 native plugins for Editor in 0.00 ms.
Invoked RoslynAnalysisRunner static constructor.
RoslynAnalysisRunner will not be running.
RoslynAnalysisRunner has terminated.
Mono: successfully reloaded assembly
- Completed reload, in  1.069 seconds
Platform modules already initialized, skipping
Refreshing native plugins compatible for Editor in 0.38 ms, found 1 plugins.
Preloading 0 native plugins for Editor in 0.00 ms.
Unloading 1790 Unused Serialized files (Serialized files now loaded: 0)
System memory in use before: 85.5 MB.
System memory in use after: 85.5 MB.

Unloading 12 unused Assets to reduce memory usage. Loaded Objects now: 2296.
Total: 2.941200 ms (FindLiveObjects: 0.411100 ms CreateObjectMapping: 0.085200 ms MarkObjects: 2.268600 ms  DeleteObjects: 0.175200 ms)

========================================================================
Received Prepare
Registering precompiled user dll's ...
Registered in 0.001405 seconds.
Begin MonoManager ReloadAssembly
Native extension for WindowsStandalone target not found
Refreshing native plugins compatible for Editor in 0.43 ms, found 1 plugins.
Preloading 0 native plugins for Editor in 0.00 ms.
Invoked RoslynAnalysisRunner static constructor.
RoslynAnalysisRunner will not be running.
RoslynAnalysisRunner has terminated.
Mono: successfully reloaded assembly
- Completed reload, in  1.080 seconds
Platform modules already initialized, skipping
Refreshing native plugins compatible for Editor in 0.38 ms, found 1 plugins.
Preloading 0 native plugins for Editor in 0.00 ms.
Unloading 1790 Unused Serialized files (Serialized files now loaded: 0)
System memory in use before: 85.6 MB.
System memory in use after: 85.6 MB.

Unloading 12 unused Assets to reduce memory usage. Loaded Objects now: 2299.
Total: 3.866200 ms (FindLiveObjects: 0.514300 ms CreateObjectMapping: 0.600400 ms MarkObjects: 2.630900 ms  DeleteObjects: 0.118800 ms)

========================================================================
Received Prepare
Registering precompiled user dll's ...
Registered in 0.001943 seconds.
Begin MonoManager ReloadAssembly
Native extension for WindowsStandalone target not found
Refreshing native plugins compatible for Editor in 0.50 ms, found 1 plugins.
Preloading 0 native plugins for Editor in 0.00 ms.
Invoked RoslynAnalysisRunner static constructor.
RoslynAnalysisRunner will not be running.
RoslynAnalysisRunner has terminated.
Mono: successfully reloaded assembly
- Completed reload, in  1.523 seconds
Platform modules already initialized, skipping
Refreshing native plugins compatible for Editor in 0.68 ms, found 1 plugins.
Preloading 0 native plugins for Editor in 0.00 ms.
Unloading 1790 Unused Serialized files (Serialized files now loaded: 0)
System memory in use before: 85.6 MB.
System memory in use after: 85.6 MB.

Unloading 12 unused Assets to reduce memory usage. Loaded Objects now: 2302.
Total: 2.983800 ms (FindLiveObjects: 0.551600 ms CreateObjectMapping: 0.155400 ms MarkObjects: 2.087100 ms  DeleteObjects: 0.188200 ms)

========================================================================
Received Prepare
Registering precompiled user dll's ...
Registered in 0.001793 seconds.
Begin MonoManager ReloadAssembly
Native extension for WindowsStandalone target not found
Refreshing native plugins compatible for Editor in 0.39 ms, found 1 plugins.
Preloading 0 native plugins for Editor in 0.00 ms.
Invoked RoslynAnalysisRunner static constructor.
RoslynAnalysisRunner will not be running.
RoslynAnalysisRunner has terminated.
Mono: successfully reloaded assembly
- Completed reload, in  1.103 seconds
Platform modules already initialized, skipping
Refreshing native plugins compatible for Editor in 0.37 ms, found 1 plugins.
Preloading 0 native plugins for Editor in 0.00 ms.
Unloading 1790 Unused Serialized files (Serialized files now loaded: 0)
System memory in use before: 85.7 MB.
System memory in use after: 85.7 MB.

Unloading 12 unused Assets to reduce memory usage. Loaded Objects now: 2305.
Total: 3.063600 ms (FindLiveObjects: 0.303600 ms CreateObjectMapping: 0.096500 ms MarkObjects: 2.473500 ms  DeleteObjects: 0.188400 ms)

========================================================================
Received Prepare
Registering precompiled user dll's ...
Registered in 0.001223 seconds.
Begin MonoManager ReloadAssembly
Native extension for WindowsStandalone target not found
Refreshing native plugins compatible for Editor in 0.62 ms, found 1 plugins.
Preloading 0 native plugins for Editor in 0.00 ms.
Invoked RoslynAnalysisRunner static constructor.
RoslynAnalysisRunner will not be running.
RoslynAnalysisRunner has terminated.
Mono: successfully reloaded assembly
- Completed reload, in  1.290 seconds
Platform modules already initialized, skipping
Refreshing native plugins compatible for Editor in 0.45 ms, found 1 plugins.
Preloading 0 native plugins for Editor in 0.00 ms.
Unloading 1790 Unused Serialized files (Serialized files now loaded: 0)
System memory in use before: 85.8 MB.
System memory in use after: 85.8 MB.

Unloading 12 unused Assets to reduce memory usage. Loaded Objects now: 2308.
Total: 4.109700 ms (FindLiveObjects: 0.459800 ms CreateObjectMapping: 0.214000 ms MarkObjects: 3.228400 ms  DeleteObjects: 0.205600 ms)

========================================================================
Received Prepare
Registering precompiled user dll's ...
Registered in 0.001349 seconds.
Begin MonoManager ReloadAssembly
Native extension for WindowsStandalone target not found
Refreshing native plugins compatible for Editor in 0.37 ms, found 1 plugins.
Preloading 0 native plugins for Editor in 0.00 ms.
Invoked RoslynAnalysisRunner static constructor.
RoslynAnalysisRunner will not be running.
RoslynAnalysisRunner has terminated.
Mono: successfully reloaded assembly
- Completed reload, in  1.098 seconds
Platform modules already initialized, skipping
Refreshing native plugins compatible for Editor in 0.53 ms, found 1 plugins.
Preloading 0 native plugins for Editor in 0.00 ms.
Unloading 1790 Unused Serialized files (Serialized files now loaded: 0)
System memory in use before: 85.8 MB.
System memory in use after: 85.8 MB.

Unloading 12 unused Assets to reduce memory usage. Loaded Objects now: 2311.
Total: 2.799900 ms (FindLiveObjects: 0.267800 ms CreateObjectMapping: 0.091700 ms MarkObjects: 2.301300 ms  DeleteObjects: 0.137500 ms)

========================================================================
Received Prepare
Registering precompiled user dll's ...
Registered in 0.002652 seconds.
Begin MonoManager ReloadAssembly
Native extension for WindowsStandalone target not found
Refreshing native plugins compatible for Editor in 0.40 ms, found 1 plugins.
Preloading 0 native plugins for Editor in 0.00 ms.
Invoked RoslynAnalysisRunner static constructor.
RoslynAnalysisRunner will not be running.
RoslynAnalysisRunner has terminated.
Mono: successfully reloaded assembly
- Completed reload, in  1.059 seconds
Platform modules already initialized, skipping
Refreshing native plugins compatible for Editor in 0.37 ms, found 1 plugins.
Preloading 0 native plugins for Editor in 0.00 ms.
Unloading 1790 Unused Serialized files (Serialized files now loaded: 0)
System memory in use before: 85.9 MB.
System memory in use after: 85.9 MB.

Unloading 12 unused Assets to reduce memory usage. Loaded Objects now: 2314.
Total: 3.206500 ms (FindLiveObjects: 0.428400 ms CreateObjectMapping: 0.110600 ms MarkObjects: 2.480700 ms  DeleteObjects: 0.185400 ms)

========================================================================
Received Prepare
Registering precompiled user dll's ...
Registered in 0.001199 seconds.
Begin MonoManager ReloadAssembly
Native extension for WindowsStandalone target not found
Refreshing native plugins compatible for Editor in 1.58 ms, found 1 plugins.
Preloading 0 native plugins for Editor in 0.00 ms.
Invoked RoslynAnalysisRunner static constructor.
RoslynAnalysisRunner will not be running.
RoslynAnalysisRunner has terminated.
Mono: successfully reloaded assembly
- Completed reload, in  1.096 seconds
Platform modules already initialized, skipping
Refreshing native plugins compatible for Editor in 0.38 ms, found 1 plugins.
Preloading 0 native plugins for Editor in 0.00 ms.
Unloading 1790 Unused Serialized files (Serialized files now loaded: 0)
System memory in use before: 86.0 MB.
System memory in use after: 86.0 MB.

Unloading 12 unused Assets to reduce memory usage. Loaded Objects now: 2317.
Total: 2.921800 ms (FindLiveObjects: 0.413200 ms CreateObjectMapping: 0.115100 ms MarkObjects: 2.213900 ms  DeleteObjects: 0.178300 ms)

========================================================================
Received Prepare
Registering precompiled user dll's ...
Registered in 0.001646 seconds.
Begin MonoManager ReloadAssembly
Native extension for WindowsStandalone target not found
Refreshing native plugins compatible for Editor in 0.44 ms, found 1 plugins.
Preloading 0 native plugins for Editor in 0.00 ms.
Invoked RoslynAnalysisRunner static constructor.
RoslynAnalysisRunner will not be running.
RoslynAnalysisRunner has terminated.
Mono: successfully reloaded assembly
- Completed reload, in  1.307 seconds
Platform modules already initialized, skipping
Refreshing native plugins compatible for Editor in 0.58 ms, found 1 plugins.
Preloading 0 native plugins for Editor in 0.00 ms.
Unloading 1790 Unused Serialized files (Serialized files now loaded: 0)
System memory in use before: 86.0 MB.
System memory in use after: 86.0 MB.

Unloading 12 unused Assets to reduce memory usage. Loaded Objects now: 2320.
Total: 2.845700 ms (FindLiveObjects: 0.206800 ms CreateObjectMapping: 0.070900 ms MarkObjects: 2.265900 ms  DeleteObjects: 0.300400 ms)

========================================================================
Received Prepare
Registering precompiled user dll's ...
Registered in 0.001216 seconds.
Begin MonoManager ReloadAssembly
Native extension for WindowsStandalone target not found
Refreshing native plugins compatible for Editor in 0.62 ms, found 1 plugins.
Preloading 0 native plugins for Editor in 0.00 ms.
Invoked RoslynAnalysisRunner static constructor.
RoslynAnalysisRunner will not be running.
RoslynAnalysisRunner has terminated.
Mono: successfully reloaded assembly
- Completed reload, in  1.155 seconds
Platform modules already initialized, skipping
Refreshing native plugins compatible for Editor in 0.41 ms, found 1 plugins.
Preloading 0 native plugins for Editor in 0.00 ms.
Unloading 1790 Unused Serialized files (Serialized files now loaded: 0)
System memory in use before: 86.1 MB.
System memory in use after: 86.1 MB.

Unloading 12 unused Assets to reduce memory usage. Loaded Objects now: 2323.
Total: 4.495500 ms (FindLiveObjects: 0.332500 ms CreateObjectMapping: 0.181400 ms MarkObjects: 3.742800 ms  DeleteObjects: 0.236900 ms)

========================================================================
Received Prepare
Registering precompiled user dll's ...
Registered in 0.001920 seconds.
Begin MonoManager ReloadAssembly
Native extension for WindowsStandalone target not found
Refreshing native plugins compatible for Editor in 0.41 ms, found 1 plugins.
Preloading 0 native plugins for Editor in 0.00 ms.
Invoked RoslynAnalysisRunner static constructor.
RoslynAnalysisRunner will not be running.
RoslynAnalysisRunner has terminated.
Mono: successfully reloaded assembly
- Completed reload, in  1.096 seconds
Platform modules already initialized, skipping
Refreshing native plugins compatible for Editor in 0.38 ms, found 1 plugins.
Preloading 0 native plugins for Editor in 0.00 ms.
Unloading 1790 Unused Serialized files (Serialized files now loaded: 0)
System memory in use before: 86.2 MB.
System memory in use after: 86.2 MB.

Unloading 12 unused Assets to reduce memory usage. Loaded Objects now: 2326.
Total: 2.870700 ms (FindLiveObjects: 0.366000 ms CreateObjectMapping: 0.068300 ms MarkObjects: 2.264000 ms  DeleteObjects: 0.171000 ms)

========================================================================
Received Prepare
Registering precompiled user dll's ...
Registered in 0.001308 seconds.
Begin MonoManager ReloadAssembly
Native extension for WindowsStandalone target not found
Refreshing native plugins compatible for Editor in 0.42 ms, found 1 plugins.
Preloading 0 native plugins for Editor in 0.00 ms.
Invoked RoslynAnalysisRunner static constructor.
RoslynAnalysisRunner will not be running.
RoslynAnalysisRunner has terminated.
Mono: successfully reloaded assembly
- Completed reload, in  1.145 seconds
Platform modules already initialized, skipping
Refreshing native plugins compatible for Editor in 0.46 ms, found 1 plugins.
Preloading 0 native plugins for Editor in 0.00 ms.
Unloading 1790 Unused Serialized files (Serialized files now loaded: 0)
System memory in use before: 86.2 MB.
System memory in use after: 86.2 MB.

Unloading 12 unused Assets to reduce memory usage. Loaded Objects now: 2329.
Total: 3.329800 ms (FindLiveObjects: 0.625000 ms CreateObjectMapping: 0.137500 ms MarkObjects: 2.405000 ms  DeleteObjects: 0.157500 ms)

========================================================================
Received Prepare
Registering precompiled user dll's ...
Registered in 0.001690 seconds.
Begin MonoManager ReloadAssembly
Native extension for WindowsStandalone target not found
Refreshing native plugins compatible for Editor in 1.31 ms, found 1 plugins.
Preloading 0 native plugins for Editor in 0.00 ms.
Invoked RoslynAnalysisRunner static constructor.
RoslynAnalysisRunner will not be running.
RoslynAnalysisRunner has terminated.
Mono: successfully reloaded assembly
- Completed reload, in  1.348 seconds
Platform modules already initialized, skipping
Refreshing native plugins compatible for Editor in 0.40 ms, found 1 plugins.
Preloading 0 native plugins for Editor in 0.00 ms.
Unloading 1790 Unused Serialized files (Serialized files now loaded: 0)
System memory in use before: 86.3 MB.
System memory in use after: 86.3 MB.

Unloading 12 unused Assets to reduce memory usage. Loaded Objects now: 2332.
Total: 2.611200 ms (FindLiveObjects: 0.314600 ms CreateObjectMapping: 0.088300 ms MarkObjects: 2.033300 ms  DeleteObjects: 0.173400 ms)

========================================================================
Received Prepare
Registering precompiled user dll's ...
Registered in 0.001784 seconds.
Begin MonoManager ReloadAssembly
Native extension for WindowsStandalone target not found
Refreshing native plugins compatible for Editor in 0.42 ms, found 1 plugins.
Preloading 0 native plugins for Editor in 0.00 ms.
Invoked RoslynAnalysisRunner static constructor.
RoslynAnalysisRunner will not be running.
RoslynAnalysisRunner has terminated.
Mono: successfully reloaded assembly
- Completed reload, in  1.181 seconds
Platform modules already initialized, skipping
Refreshing native plugins compatible for Editor in 0.38 ms, found 1 plugins.
Preloading 0 native plugins for Editor in 0.00 ms.
Unloading 1790 Unused Serialized files (Serialized files now loaded: 0)
System memory in use before: 86.4 MB.
System memory in use after: 86.4 MB.

Unloading 12 unused Assets to reduce memory usage. Loaded Objects now: 2335.
Total: 3.035200 ms (FindLiveObjects: 0.491000 ms CreateObjectMapping: 0.118600 ms MarkObjects: 2.154100 ms  DeleteObjects: 0.270500 ms)

========================================================================
Received Import Request.
  Time since last request: 713.512312 seconds.
  path: Assets/CameraPosition.cs
  artifactKey: Guid(e933d7e734553eb48a9bed1a074b8e89) Importer(815301076,1909f56bfc062723c751e8b465ee728b)
Start importing Assets/CameraPosition.cs using Guid(e933d7e734553eb48a9bed1a074b8e89) Importer(815301076,1909f56bfc062723c751e8b465ee728b)  -> (artifact id: '08f46633e73990cf469bc20e7cba0e13') in 0.005318 seconds
  Import took 0.008772 seconds .

========================================================================
Received Prepare
Registering precompiled user dll's ...
Registered in 0.001843 seconds.
Begin MonoManager ReloadAssembly
Native extension for WindowsStandalone target not found
Refreshing native plugins compatible for Editor in 0.38 ms, found 1 plugins.
Preloading 0 native plugins for Editor in 0.00 ms.
Invoked RoslynAnalysisRunner static constructor.
RoslynAnalysisRunner will not be running.
RoslynAnalysisRunner has terminated.
Mono: successfully reloaded assembly
- Completed reload, in  1.080 seconds
Platform modules already initialized, skipping
Refreshing native plugins compatible for Editor in 0.50 ms, found 1 plugins.
Preloading 0 native plugins for Editor in 0.00 ms.
Unloading 1790 Unused Serialized files (Serialized files now loaded: 0)
System memory in use before: 86.4 MB.
System memory in use after: 86.4 MB.

Unloading 12 unused Assets to reduce memory usage. Loaded Objects now: 2338.
Total: 2.703900 ms (FindLiveObjects: 0.367200 ms CreateObjectMapping: 0.084200 ms MarkObjects: 2.050100 ms  DeleteObjects: 0.199700 ms)

========================================================================
Received Import Request.
  Time since last request: 16.760922 seconds.
  path: Assets/CameraPosition.cs
  artifactKey: Guid(e933d7e734553eb48a9bed1a074b8e89) Importer(815301076,1909f56bfc062723c751e8b465ee728b)
Start importing Assets/CameraPosition.cs using Guid(e933d7e734553eb48a9bed1a074b8e89) Importer(815301076,1909f56bfc062723c751e8b465ee728b)  -> (artifact id: 'bdbd680bd1583b94d8e6895a67abceed') in 0.005921 seconds
  Import took 0.009593 seconds .

========================================================================
Received Prepare
Registering precompiled user dll's ...
Registered in 0.001171 seconds.
Begin MonoManager ReloadAssembly
Native extension for WindowsStandalone target not found
Refreshing native plugins compatible for Editor in 1.11 ms, found 1 plugins.
Preloading 0 native plugins for Editor in 0.00 ms.
Invoked RoslynAnalysisRunner static constructor.
RoslynAnalysisRunner will not be running.
RoslynAnalysisRunner has terminated.
Mono: successfully reloaded assembly
- Completed reload, in  1.081 seconds
Platform modules already initialized, skipping
Refreshing native plugins compatible for Editor in 0.37 ms, found 1 plugins.
Preloading 0 native plugins for Editor in 0.00 ms.
Unloading 1790 Unused Serialized files (Serialized files now loaded: 0)
System memory in use before: 85.5 MB.
System memory in use after: 85.5 MB.

Unloading 12 unused Assets to reduce memory usage. Loaded Objects now: 2341.
Total: 4.915200 ms (FindLiveObjects: 0.450400 ms CreateObjectMapping: 0.093000 ms MarkObjects: 4.180400 ms  DeleteObjects: 0.186700 ms)

========================================================================
Received Import Request.
  Time since last request: 31.273916 seconds.
  path: Assets/CameraPosition.cs
  artifactKey: Guid(e933d7e734553eb48a9bed1a074b8e89) Importer(815301076,1909f56bfc062723c751e8b465ee728b)
Start importing Assets/CameraPosition.cs using Guid(e933d7e734553eb48a9bed1a074b8e89) Importer(815301076,1909f56bfc062723c751e8b465ee728b)  -> (artifact id: 'c7187c632d9baf15fa0e651f89c9ceb5') in 0.007721 seconds
  Import took 0.012796 seconds .

========================================================================
Received Prepare
Registering precompiled user dll's ...
Registered in 0.001252 seconds.
Begin MonoManager ReloadAssembly
Native extension for WindowsStandalone target not found
Refreshing native plugins compatible for Editor in 0.39 ms, found 1 plugins.
Preloading 0 native plugins for Editor in 0.00 ms.
Invoked RoslynAnalysisRunner static constructor.
RoslynAnalysisRunner will not be running.
RoslynAnalysisRunner has terminated.
Mono: successfully reloaded assembly
- Completed reload, in  1.083 seconds
Platform modules already initialized, skipping
Refreshing native plugins compatible for Editor in 0.51 ms, found 1 plugins.
Preloading 0 native plugins for Editor in 0.00 ms.
Unloading 1790 Unused Serialized files (Serialized files now loaded: 0)
System memory in use before: 85.5 MB.
System memory in use after: 85.5 MB.

Unloading 12 unused Assets to reduce memory usage. Loaded Objects now: 2344.
Total: 3.090500 ms (FindLiveObjects: 0.414800 ms CreateObjectMapping: 0.112000 ms MarkObjects: 2.351700 ms  DeleteObjects: 0.210800 ms)

========================================================================
Received Import Request.
  Time since last request: 44.199810 seconds.
  path: Assets/CameraPosition.cs
  artifactKey: Guid(e933d7e734553eb48a9bed1a074b8e89) Importer(815301076,1909f56bfc062723c751e8b465ee728b)
Start importing Assets/CameraPosition.cs using Guid(e933d7e734553eb48a9bed1a074b8e89) Importer(815301076,1909f56bfc062723c751e8b465ee728b)  -> (artifact id: '3b1068f5160655fc34228af8cfb72c0a') in 0.005955 seconds
  Import took 0.009604 seconds .

========================================================================
Received Import Request.
  Time since last request: 0.003332 seconds.
  path: Assets/CameraPosition.cs
  artifactKey: Guid(e933d7e734553eb48a9bed1a074b8e89) Importer(815301076,1909f56bfc062723c751e8b465ee728b)
Start importing Assets/CameraPosition.cs using Guid(e933d7e734553eb48a9bed1a074b8e89) Importer(815301076,1909f56bfc062723c751e8b465ee728b)  -> (artifact id: '3b1068f5160655fc34228af8cfb72c0a') in 0.004451 seconds
  Import took 0.008558 seconds .

========================================================================
Received Prepare
Registering precompiled user dll's ...
Registered in 0.002180 seconds.
Begin MonoManager ReloadAssembly
Native extension for WindowsStandalone target not found
Refreshing native plugins compatible for Editor in 0.77 ms, found 1 plugins.
Preloading 0 native plugins for Editor in 0.00 ms.
Invoked RoslynAnalysisRunner static constructor.
RoslynAnalysisRunner will not be running.
RoslynAnalysisRunner has terminated.
Mono: successfully reloaded assembly
- Completed reload, in  1.158 seconds
Platform modules already initialized, skipping
Refreshing native plugins compatible for Editor in 0.45 ms, found 1 plugins.
Preloading 0 native plugins for Editor in 0.00 ms.
Unloading 1790 Unused Serialized files (Serialized files now loaded: 0)
System memory in use before: 85.6 MB.
System memory in use after: 85.6 MB.

Unloading 12 unused Assets to reduce memory usage. Loaded Objects now: 2347.
Total: 3.915300 ms (FindLiveObjects: 0.444800 ms CreateObjectMapping: 0.204400 ms MarkObjects: 3.093700 ms  DeleteObjects: 0.170600 ms)

========================================================================
Received Import Request.
  Time since last request: 130.899917 seconds.
  path: Assets/CameraPosition.cs
  artifactKey: Guid(e933d7e734553eb48a9bed1a074b8e89) Importer(815301076,1909f56bfc062723c751e8b465ee728b)
Start importing Assets/CameraPosition.cs using Guid(e933d7e734553eb48a9bed1a074b8e89) Importer(815301076,1909f56bfc062723c751e8b465ee728b)  -> (artifact id: 'b1ca973be4b86e00b9b99d486a0935dd') in 0.007258 seconds
  Import took 0.012235 seconds .

========================================================================
Received Prepare
Registering precompiled user dll's ...
Registered in 0.001567 seconds.
Begin MonoManager ReloadAssembly
Native extension for WindowsStandalone target not found
Refreshing native plugins compatible for Editor in 0.39 ms, found 1 plugins.
Preloading 0 native plugins for Editor in 0.00 ms.
Invoked RoslynAnalysisRunner static constructor.
RoslynAnalysisRunner will not be running.
RoslynAnalysisRunner has terminated.
Mono: successfully reloaded assembly
- Completed reload, in  1.094 seconds
Platform modules already initialized, skipping
Refreshing native plugins compatible for Editor in 0.38 ms, found 1 plugins.
Preloading 0 native plugins for Editor in 0.00 ms.
Unloading 1790 Unused Serialized files (Serialized files now loaded: 0)
System memory in use before: 85.7 MB.
System memory in use after: 85.7 MB.

Unloading 12 unused Assets to reduce memory usage. Loaded Objects now: 2350.
Total: 3.721400 ms (FindLiveObjects: 0.415200 ms CreateObjectMapping: 0.118000 ms MarkObjects: 2.929300 ms  DeleteObjects: 0.256900 ms)

========================================================================
Received Prepare
Registering precompiled user dll's ...
Registered in 0.001473 seconds.
Begin MonoManager ReloadAssembly
Native extension for WindowsStandalone target not found
Refreshing native plugins compatible for Editor in 0.39 ms, found 1 plugins.
Preloading 0 native plugins for Editor in 0.00 ms.
Invoked RoslynAnalysisRunner static constructor.
RoslynAnalysisRunner will not be running.
RoslynAnalysisRunner has terminated.
Mono: successfully reloaded assembly
- Completed reload, in  1.096 seconds
Platform modules already initialized, skipping
Refreshing native plugins compatible for Editor in 0.37 ms, found 1 plugins.
Preloading 0 native plugins for Editor in 0.00 ms.
Unloading 1790 Unused Serialized files (Serialized files now loaded: 0)
System memory in use before: 85.7 MB.
System memory in use after: 85.7 MB.

Unloading 12 unused Assets to reduce memory usage. Loaded Objects now: 2353.
Total: 2.587800 ms (FindLiveObjects: 0.302000 ms CreateObjectMapping: 0.087300 ms MarkObjects: 2.056900 ms  DeleteObjects: 0.140100 ms)

========================================================================
Received Prepare
Registering precompiled user dll's ...
Registered in 0.002345 seconds.
Begin MonoManager ReloadAssembly
Native extension for WindowsStandalone target not found
Refreshing native plugins compatible for Editor in 0.38 ms, found 1 plugins.
Preloading 0 native plugins for Editor in 0.00 ms.
Invoked RoslynAnalysisRunner static constructor.
RoslynAnalysisRunner will not be running.
RoslynAnalysisRunner has terminated.
Mono: successfully reloaded assembly
- Completed reload, in  1.061 seconds
Platform modules already initialized, skipping
Refreshing native plugins compatible for Editor in 0.39 ms, found 1 plugins.
Preloading 0 native plugins for Editor in 0.00 ms.
Unloading 1790 Unused Serialized files (Serialized files now loaded: 0)
System memory in use before: 85.8 MB.
System memory in use after: 85.8 MB.

Unloading 12 unused Assets to reduce memory usage. Loaded Objects now: 2356.
Total: 3.655000 ms (FindLiveObjects: 0.268500 ms CreateObjectMapping: 0.101400 ms MarkObjects: 3.056100 ms  DeleteObjects: 0.227500 ms)

========================================================================
Received Prepare
Registering precompiled user dll's ...
Registered in 0.001165 seconds.
Begin MonoManager ReloadAssembly
Native extension for WindowsStandalone target not found
Refreshing native plugins compatible for Editor in 0.62 ms, found 1 plugins.
Preloading 0 native plugins for Editor in 0.00 ms.
Invoked RoslynAnalysisRunner static constructor.
RoslynAnalysisRunner will not be running.
RoslynAnalysisRunner has terminated.
Mono: successfully reloaded assembly
- Completed reload, in  1.260 seconds
Platform modules already initialized, skipping
Refreshing native plugins compatible for Editor in 0.56 ms, found 1 plugins.
Preloading 0 native plugins for Editor in 0.00 ms.
Unloading 1790 Unused Serialized files (Serialized files now loaded: 0)
System memory in use before: 85.9 MB.
System memory in use after: 85.9 MB.

Unloading 12 unused Assets to reduce memory usage. Loaded Objects now: 2359.
Total: 2.812300 ms (FindLiveObjects: 0.220300 ms CreateObjectMapping: 0.070700 ms MarkObjects: 2.335600 ms  DeleteObjects: 0.184600 ms)

========================================================================
Received Prepare
Registering precompiled user dll's ...
Registered in 0.001415 seconds.
Begin MonoManager ReloadAssembly
Native extension for WindowsStandalone target not found
Refreshing native plugins compatible for Editor in 0.67 ms, found 1 plugins.
Preloading 0 native plugins for Editor in 0.00 ms.
Invoked RoslynAnalysisRunner static constructor.
RoslynAnalysisRunner will not be running.
RoslynAnalysisRunner has terminated.
Mono: successfully reloaded assembly
- Completed reload, in  1.131 seconds
Platform modules already initialized, skipping
Refreshing native plugins compatible for Editor in 0.37 ms, found 1 plugins.
Preloading 0 native plugins for Editor in 0.00 ms.
Unloading 1790 Unused Serialized files (Serialized files now loaded: 0)
System memory in use before: 85.9 MB.
System memory in use after: 85.9 MB.

Unloading 12 unused Assets to reduce memory usage. Loaded Objects now: 2362.
Total: 2.846100 ms (FindLiveObjects: 0.218800 ms CreateObjectMapping: 0.106500 ms MarkObjects: 2.304200 ms  DeleteObjects: 0.215100 ms)

========================================================================
Received Import Request.
  Time since last request: 691.486587 seconds.
  path: Assets
  artifactKey: Guid(00000000000000001000000000000000) Importer(815301076,1909f56bfc062723c751e8b465ee728b)
Start importing Assets using Guid(00000000000000001000000000000000) Importer(815301076,1909f56bfc062723c751e8b465ee728b)  -> (artifact id: '4a6e520b92ccfc61bcfa21a7bcab8468') in 0.019549 seconds
  Import took 0.023693 seconds .

========================================================================
Received Prepare
Registering precompiled user dll's ...
Registered in 0.001741 seconds.
Begin MonoManager ReloadAssembly
Native extension for WindowsStandalone target not found
Refreshing native plugins compatible for Editor in 0.39 ms, found 1 plugins.
Preloading 0 native plugins for Editor in 0.00 ms.
Invoked RoslynAnalysisRunner static constructor.
RoslynAnalysisRunner will not be running.
RoslynAnalysisRunner has terminated.
Mono: successfully reloaded assembly
- Completed reload, in  1.264 seconds
Platform modules already initialized, skipping
Refreshing native plugins compatible for Editor in 0.71 ms, found 1 plugins.
Preloading 0 native plugins for Editor in 0.00 ms.
Unloading 1791 Unused Serialized files (Serialized files now loaded: 0)
System memory in use before: 86.0 MB.
System memory in use after: 86.0 MB.

Unloading 12 unused Assets to reduce memory usage. Loaded Objects now: 2366.
Total: 2.547200 ms (FindLiveObjects: 0.270700 ms CreateObjectMapping: 0.090400 ms MarkObjects: 2.056700 ms  DeleteObjects: 0.127800 ms)

========================================================================
Received Import Request.
  Time since last request: 29.050264 seconds.
  path: Assets/CraneScript.cs
  artifactKey: Guid(987b4cc03bd99be459bfb54e5ccdda0c) Importer(815301076,1909f56bfc062723c751e8b465ee728b)
Start importing Assets/CraneScript.cs using Guid(987b4cc03bd99be459bfb54e5ccdda0c) Importer(815301076,1909f56bfc062723c751e8b465ee728b)  -> (artifact id: 'fc45ba7b58c37ef2a31da06201aae0dc') in 0.012875 seconds
  Import took 0.017480 seconds .

========================================================================
Received Prepare
Registering precompiled user dll's ...
Registered in 0.001342 seconds.
Begin MonoManager ReloadAssembly
Native extension for WindowsStandalone target not found
Refreshing native plugins compatible for Editor in 0.39 ms, found 1 plugins.
Preloading 0 native plugins for Editor in 0.00 ms.
Invoked RoslynAnalysisRunner static constructor.
RoslynAnalysisRunner will not be running.
RoslynAnalysisRunner has terminated.
Mono: successfully reloaded assembly
- Completed reload, in  1.195 seconds
Platform modules already initialized, skipping
Refreshing native plugins compatible for Editor in 0.43 ms, found 1 plugins.
Preloading 0 native plugins for Editor in 0.00 ms.
Unloading 1791 Unused Serialized files (Serialized files now loaded: 0)
System memory in use before: 86.1 MB.
System memory in use after: 86.1 MB.

Unloading 12 unused Assets to reduce memory usage. Loaded Objects now: 2369.
Total: 3.437800 ms (FindLiveObjects: 0.500400 ms CreateObjectMapping: 0.079500 ms MarkObjects: 2.602900 ms  DeleteObjects: 0.254100 ms)

========================================================================
Received Import Request.
  Time since last request: 456.265657 seconds.
  path: Assets/CraneScript.cs
  artifactKey: Guid(987b4cc03bd99be459bfb54e5ccdda0c) Importer(815301076,1909f56bfc062723c751e8b465ee728b)
Start importing Assets/CraneScript.cs using Guid(987b4cc03bd99be459bfb54e5ccdda0c) Importer(815301076,1909f56bfc062723c751e8b465ee728b)  -> (artifact id: 'd0c0125abe4d8eac9a4e8aab30946d61') in 0.005479 seconds
  Import took 0.009965 seconds .

========================================================================
Received Prepare
Registering precompiled user dll's ...
Registered in 0.001202 seconds.
Begin MonoManager ReloadAssembly
Native extension for WindowsStandalone target not found
Refreshing native plugins compatible for Editor in 0.44 ms, found 1 plugins.
Preloading 0 native plugins for Editor in 0.00 ms.
Invoked RoslynAnalysisRunner static constructor.
RoslynAnalysisRunner will not be running.
RoslynAnalysisRunner has terminated.
Mono: successfully reloaded assembly
- Completed reload, in  1.064 seconds
Platform modules already initialized, skipping
Refreshing native plugins compatible for Editor in 0.37 ms, found 1 plugins.
Preloading 0 native plugins for Editor in 0.00 ms.
Unloading 1791 Unused Serialized files (Serialized files now loaded: 0)
System memory in use before: 86.1 MB.
System memory in use after: 86.2 MB.

Unloading 12 unused Assets to reduce memory usage. Loaded Objects now: 2372.
Total: 2.727000 ms (FindLiveObjects: 0.317700 ms CreateObjectMapping: 0.094000 ms MarkObjects: 2.115500 ms  DeleteObjects: 0.182700 ms)

========================================================================
Received Import Request.
  Time since last request: 16.511581 seconds.
  path: Assets/CraneScript.cs
  artifactKey: Guid(987b4cc03bd99be459bfb54e5ccdda0c) Importer(815301076,1909f56bfc062723c751e8b465ee728b)
Start importing Assets/CraneScript.cs using Guid(987b4cc03bd99be459bfb54e5ccdda0c) Importer(815301076,1909f56bfc062723c751e8b465ee728b)  -> (artifact id: '43b9d215bffb38b03f493f3962f916fd') in 0.005886 seconds
  Import took 0.009395 seconds .

========================================================================
Received Prepare
Registering precompiled user dll's ...
Registered in 0.002142 seconds.
Begin MonoManager ReloadAssembly
Native extension for WindowsStandalone target not found
Refreshing native plugins compatible for Editor in 0.38 ms, found 1 plugins.
Preloading 0 native plugins for Editor in 0.00 ms.
Invoked RoslynAnalysisRunner static constructor.
RoslynAnalysisRunner will not be running.
RoslynAnalysisRunner has terminated.
Mono: successfully reloaded assembly
- Completed reload, in  1.166 seconds
Platform modules already initialized, skipping
Refreshing native plugins compatible for Editor in 0.40 ms, found 1 plugins.
Preloading 0 native plugins for Editor in 0.00 ms.
Unloading 1791 Unused Serialized files (Serialized files now loaded: 0)
System memory in use before: 86.2 MB.
System memory in use after: 86.2 MB.

Unloading 12 unused Assets to reduce memory usage. Loaded Objects now: 2375.
Total: 3.178300 ms (FindLiveObjects: 0.537400 ms CreateObjectMapping: 0.135400 ms MarkObjects: 2.322100 ms  DeleteObjects: 0.182200 ms)

AssetImportWorkerClient::OnTransportError - code=2 error=End of file
